<?xml version="1.0" encoding="UTF-8"?>
<!-- Generated by org.testng.reporters.JUnitReportReporter -->
<testsuite hostname="dhcp-10-105-106-210.wireless.northwestern.private" name="com.learn.GregTest" tests="6" failures="0" timestamp="9 Jun 2015 03:30:57 GMT" time="79.089" errors="0">
  <testcase name="testCases1Message" time="12.947" classname="com.learn.GregTest"/>
  <testcase name="testCases2Message" time="9.793" classname="com.learn.GregTest"/>
  <testcase name="testCases2Inside" time="19.536" classname="com.learn.GregTest"/>
  <testcase name="testLogin" time="7.093" classname="com.learn.GregTest"/>
  <testcase name="testCases1Inside" time="19.983" classname="com.learn.GregTest"/>
  <testcase name="checkBoxUnclickable" time="9.737" classname="com.learn.GregTest"/>
</testsuite> <!-- com.learn.GregTest -->
