<?xml version="1.0" encoding="UTF-8"?>
<!-- Generated by org.testng.reporters.JUnitReportReporter -->
<testsuite hostname="Jiweis-MacBook-Pro.local" name="com.learn.BiaoheTest" tests="1" failures="0" timestamp="9 Jun 2015 16:12:23 GMT" time="1.148" errors="0">
  <testcase name="f" time="1.148" classname="com.learn.BiaoheTest"/>
</testsuite> <!-- com.learn.BiaoheTest -->
